  Checking Build System
  CMake is re-running because F:/tool/GSGS4.0.0/build/CMakeFiles/generate.stamp is out-of-date.
    the file 'D:/Program Files/CMake/share/cmake-3.13/Modules/CMakeCInformation.cmake'
    is newer than 'F:/tool/GSGS4.0.0/build/CMakeFiles/generate.stamp.depend'
    result='0'
  -- Building for: Visual Studio 15 2017
  -- Selecting Windows SDK version 10.0.17763.0 to target Windows 10.0.19042.
  -- The C compiler identification is MSVC 19.16.27043.0
  -- The CXX compiler identification is MSVC 19.16.27043.0
  -- Check for working C compiler: d:/Program Files (x86)/Microsoft Visual Studio/2017/Community/VC/Tools/MSVC/14.16.27023/bin/Hostx86/x86/cl.exe
  -- Check for working C compiler: d:/Program Files (x86)/Microsoft Visual Studio/2017/Community/VC/Tools/MSVC/14.16.27023/bin/Hostx86/x86/cl.exe - works
  -- Detecting C compiler ABI info
  -- Detecting C compiler ABI info - done
  -- Detecting C compile features
  -- Detecting C compile features - done
  -- Check for working CXX compiler: d:/Program Files (x86)/Microsoft Visual Studio/2017/Community/VC/Tools/MSVC/14.16.27023/bin/Hostx86/x86/cl.exe
  -- Check for working CXX compiler: d:/Program Files (x86)/Microsoft Visual Studio/2017/Community/VC/Tools/MSVC/14.16.27023/bin/Hostx86/x86/cl.exe - works
  -- Detecting CXX compiler ABI info
  -- Detecting CXX compiler ABI info - done
  -- Detecting CXX compile features
  -- Detecting CXX compile features - done
  -- BUILD_DIRECTORY is set to 
  -- OS name WIN
  -- LIBSSH_LIB is set to F:/tool/GSGS4.0.0/sdk/libssh/lib/osx/libssh.a;F:/tool/GSGS4.0.0/sdk/libssh/lib/osx/libcrypto.a
  -- PLUGINS_DIR is set to /usr/lib/codelite
  -- Using wxAuiNotebook class is disabled
  -- Building in Release mode
  -- CMAKE_INSTALL_DO_STRIP is TRUE
  -- Executables will be written into /bin
  -- Shared Objects will be written into /lib
  -- Adding -DNDEBUG to definitions
  -- OS_CODENAME is set to unknown
  -- ARCH 32
  -- ARCH_NAME i386
  -- USE_SFTP is set to 1
  CMake Error at D:/Program Files/CMake/share/cmake-3.17/Modules/FindPackageHandleStandardArgs.cmake:164 (message):
    Could NOT find wxWidgets (missing: wxWidgets_LIBRARIES
    wxWidgets_INCLUDE_DIRS core base)
  Call Stack (most recent call first):
    D:/Program Files/CMake/share/cmake-3.17/Modules/FindPackageHandleStandardArgs.cmake:445 (_FPHSA_FAILURE_MESSAGE)
    D:/Program Files/CMake/share/cmake-3.17/Modules/FindwxWidgets.cmake:1008 (find_package_handle_standard_args)
    sdk/wxsqlite3/CMakeLists.txt:9 (find_package)
  
  
  -- Configuring incomplete, errors occurred!
  See also "F:/tool/GSGS4.0.0/build/CMakeFiles/CMakeOutput.log".
  CMake Configure step failed.  Build files cannot be regenerated correctly.  Attempting to stop IDE build.
d:\Program Files (x86)\Microsoft Visual Studio\2017\Community\Common7\IDE\VC\VCTargets\Microsoft.CppCommon.targets(209,5): error MSB6006: “cmd.exe”已退出，代码为 1。
